<?xml version="1.0" encoding="UTF-8"?>
<testsuite xmlns:xsi="http://www.w3.org/2001/XMLSchema-instance" xsi:noNamespaceSchemaLocation="https://maven.apache.org/surefire/maven-surefire-plugin/xsd/surefire-test-report.xsd" name="TestSuite" time="2.883" tests="10" errors="0" skipped="8" failures="2">
  <properties>
[...]
</properties>
  <testcase name="initializeWebDriver" classname="mvn.pck.practice5.tests.LoginTest" time="2.017">
    <failure message="The driver executable does not exist: B:\geckodriver-v0.29.1-win64\geckodriver.exe -DhomePageURL=https:\www.qaclickacademy.com" type="java.lang.IllegalStateException">java.lang.IllegalStateException: The driver executable does not exist: B:\geckodriver-v0.29.1-win64\geckodriver.exe -DhomePageURL=https:\www.qaclickacademy.com
	at mvn.pck.practice5.tests.LoginTest.initializeWebDriver(LoginTest.java:29)
</failure>
  </testcase>
  <testcase name="launchHomePage" classname="mvn.pck.practice5.tests.LoginTest" time="0">
    <skipped message="The driver executable does not exist: B:\geckodriver-v0.29.1-win64\geckodriver.exe -DhomePageURL=https:\www.qaclickacademy.com"/>
  </testcase>
  <testcase name="launchLoginPage" classname="mvn.pck.practice5.tests.LoginTest" time="0">
    <skipped message="The driver executable does not exist: B:\geckodriver-v0.29.1-win64\geckodriver.exe -DhomePageURL=https:\www.qaclickacademy.com"/>
  </testcase>
  <testcase name="login" classname="mvn.pck.practice5.tests.LoginTest" time="0">
    <skipped message="java.lang.NullPointerException"/>
    <system-err><![CDATA[[Utils] [ERROR] [Error] java.lang.NullPointerException
	at mvn.pck.practice5.tests.LoginTest.getDataToLogin(LoginTest.java:71)
	at java.base/jdk.internal.reflect.NativeMethodAccessorImpl.invoke0(Native Method)
	at java.base/jdk.internal.reflect.NativeMethodAccessorImpl.invoke(NativeMethodAccessorImpl.java:62)
	at java.base/jdk.internal.reflect.DelegatingMethodAccessorImpl.invoke(DelegatingMethodAccessorImpl.java:43)
	at java.base/java.lang.reflect.Method.invoke(Method.java:566)
	at org.testng.internal.MethodInvocationHelper.invokeMethod(MethodInvocationHelper.java:133)
	at org.testng.internal.MethodInvocationHelper.invokeMethod(MethodInvocationHelper.java:77)
	at org.testng.internal.MethodInvocationHelper.invokeMethodNoCheckedException(MethodInvocationHelper.java:46)
	at org.testng.internal.MethodInvocationHelper.invokeDataProvider(MethodInvocationHelper.java:146)
	at org.testng.internal.Parameters.handleParameters(Parameters.java:798)
	at org.testng.internal.Parameters.handleParameters(Parameters.java:740)
	at org.testng.internal.ParameterHandler.handleParameters(ParameterHandler.java:59)
	at org.testng.internal.ParameterHandler.createParameters(ParameterHandler.java:38)
	at org.testng.internal.TestInvoker$MethodInvocationAgent.invoke(TestInvoker.java:791)
	at org.testng.internal.TestInvoker.invokeTestMethods(TestInvoker.java:146)
	at org.testng.internal.TestMethodWorker.invokeTestMethods(TestMethodWorker.java:146)
	at org.testng.internal.TestMethodWorker.run(TestMethodWorker.java:128)
	at java.base/java.util.ArrayList.forEach(ArrayList.java:1541)
	at org.testng.TestRunner.privateRun(TestRunner.java:794)
	at org.testng.TestRunner.run(TestRunner.java:596)
	at org.testng.SuiteRunner.runTest(SuiteRunner.java:377)
	at org.testng.SuiteRunner.access$000(SuiteRunner.java:28)
	at org.testng.SuiteRunner$SuiteWorker.run(SuiteRunner.java:418)
	at org.testng.internal.thread.ThreadUtil.lambda$execute$0(ThreadUtil.java:64)
	at java.base/java.util.concurrent.FutureTask.run(FutureTask.java:264)
	at java.base/java.util.concurrent.ThreadPoolExecutor.runWorker(ThreadPoolExecutor.java:1128)
	at java.base/java.util.concurrent.ThreadPoolExecutor$Worker.run(ThreadPoolExecutor.java:628)
	at java.base/java.lang.Thread.run(Thread.java:834)

]]></system-err>
  </testcase>
  <testcase name="closeWebDriver" classname="mvn.pck.practice5.tests.LoginTest" time="0">
    <skipped/>
  </testcase>
  <testcase name="initializeWebDriver" classname="mvn.pck.practice5.tests.RegisterTest" time="0.032">
    <failure message="The driver executable does not exist: B:\geckodriver-v0.29.1-win64\geckodriver.exe -DhomePageURL=https:\www.qaclickacademy.com" type="java.lang.IllegalStateException">java.lang.IllegalStateException: The driver executable does not exist: B:\geckodriver-v0.29.1-win64\geckodriver.exe -DhomePageURL=https:\www.qaclickacademy.com
	at mvn.pck.practice5.tests.RegisterTest.initializeWebDriver(RegisterTest.java:30)
</failure>
  </testcase>
  <testcase name="launchHomePage" classname="mvn.pck.practice5.tests.RegisterTest" time="0">
    <skipped message="The driver executable does not exist: B:\geckodriver-v0.29.1-win64\geckodriver.exe -DhomePageURL=https:\www.qaclickacademy.com"/>
  </testcase>
  <testcase name="launchRegisterPage" classname="mvn.pck.practice5.tests.RegisterTest" time="0">
    <skipped message="The driver executable does not exist: B:\geckodriver-v0.29.1-win64\geckodriver.exe -DhomePageURL=https:\www.qaclickacademy.com"/>
  </testcase>
  <testcase name="register" classname="mvn.pck.practice5.tests.RegisterTest" time="0">
    <skipped message="java.lang.NullPointerException"/>
    <system-err><![CDATA[[Utils] [ERROR] [Error] java.lang.NullPointerException
	at mvn.pck.practice5.tests.RegisterTest.getDataToRegister(RegisterTest.java:81)
	at java.base/jdk.internal.reflect.NativeMethodAccessorImpl.invoke0(Native Method)
	at java.base/jdk.internal.reflect.NativeMethodAccessorImpl.invoke(NativeMethodAccessorImpl.java:62)
	at java.base/jdk.internal.reflect.DelegatingMethodAccessorImpl.invoke(DelegatingMethodAccessorImpl.java:43)
	at java.base/java.lang.reflect.Method.invoke(Method.java:566)
	at org.testng.internal.MethodInvocationHelper.invokeMethod(MethodInvocationHelper.java:133)
	at org.testng.internal.MethodInvocationHelper.invokeMethod(MethodInvocationHelper.java:77)
	at org.testng.internal.MethodInvocationHelper.invokeMethodNoCheckedException(MethodInvocationHelper.java:46)
	at org.testng.internal.MethodInvocationHelper.invokeDataProvider(MethodInvocationHelper.java:146)
	at org.testng.internal.Parameters.handleParameters(Parameters.java:798)
	at org.testng.internal.Parameters.handleParameters(Parameters.java:740)
	at org.testng.internal.ParameterHandler.handleParameters(ParameterHandler.java:59)
	at org.testng.internal.ParameterHandler.createParameters(ParameterHandler.java:38)
	at org.testng.internal.TestInvoker$MethodInvocationAgent.invoke(TestInvoker.java:791)
	at org.testng.internal.TestInvoker.invokeTestMethods(TestInvoker.java:146)
	at org.testng.internal.TestMethodWorker.invokeTestMethods(TestMethodWorker.java:146)
	at org.testng.internal.TestMethodWorker.run(TestMethodWorker.java:128)
	at java.base/java.util.ArrayList.forEach(ArrayList.java:1541)
	at org.testng.TestRunner.privateRun(TestRunner.java:794)
	at org.testng.TestRunner.run(TestRunner.java:596)
	at org.testng.SuiteRunner.runTest(SuiteRunner.java:377)
	at org.testng.SuiteRunner.access$000(SuiteRunner.java:28)
	at org.testng.SuiteRunner$SuiteWorker.run(SuiteRunner.java:418)
	at org.testng.internal.thread.ThreadUtil.lambda$execute$0(ThreadUtil.java:64)
	at java.base/java.util.concurrent.FutureTask.run(FutureTask.java:264)
	at java.base/java.util.concurrent.ThreadPoolExecutor.runWorker(ThreadPoolExecutor.java:1128)
	at java.base/java.util.concurrent.ThreadPoolExecutor$Worker.run(ThreadPoolExecutor.java:628)
	at java.base/java.lang.Thread.run(Thread.java:834)

]]></system-err>
  </testcase>
  <testcase name="closeWebDriver" classname="mvn.pck.practice5.tests.RegisterTest" time="0">
    <skipped/>
  </testcase>
</testsuite>